<?xml version="1.0" encoding="UTF-8"?>
<testng-results skipped="0" failed="0" total="1" passed="1">
  <reporter-output>
  </reporter-output>
  <suite name="Default suite" duration-ms="19231" started-at="2020-06-18T06:04:33Z" finished-at="2020-06-18T06:04:52Z">
    <groups>
    </groups>
    <test name="Default test" duration-ms="19231" started-at="2020-06-18T06:04:33Z" finished-at="2020-06-18T06:04:52Z">
      <class name="com.appiumproject.test.App2">
        <test-method status="PASS" signature="openAppln()[pri:0, instance:com.appiumproject.test.App2@3e6fa38a]" name="openAppln" duration-ms="19172" started-at="2020-06-17T23:04:33Z" finished-at="2020-06-17T23:04:52Z">
          <reporter-output>
          </reporter-output>
        </test-method> <!-- openAppln -->
      </class> <!-- com.appiumproject.test.App2 -->
    </test> <!-- Default test -->
  </suite> <!-- Default suite -->
</testng-results>
